Determining if the pthread_create exist failed with the following output:
Change Dir: /home/jose/OS/cmake-build-debug/CMakeFiles/CMakeTmp

Run Build Command:"/usr/bin/make" "cmTC_f7854/fast"
/usr/bin/make -f CMakeFiles/cmTC_f7854.dir/build.make CMakeFiles/cmTC_f7854.dir/build
make[1]: se entra en el directorio '/home/jose/OS/cmake-build-debug/CMakeFiles/CMakeTmp'
Building C object CMakeFiles/cmTC_f7854.dir/CheckSymbolExists.c.o
/usr/bin/cc    -o CMakeFiles/cmTC_f7854.dir/CheckSymbolExists.c.o   -c /home/jose/OS/cmake-build-debug/CMakeFiles/CMakeTmp/CheckSymbolExists.c
Linking C executable cmTC_f7854
/opt/clion-2019.1/bin/cmake/linux/bin/cmake -E cmake_link_script CMakeFiles/cmTC_f7854.dir/link.txt --verbose=1
/usr/bin/cc      CMakeFiles/cmTC_f7854.dir/CheckSymbolExists.c.o  -o cmTC_f7854 
CMakeFiles/cmTC_f7854.dir/CheckSymbolExists.c.o: En la función `main':
CheckSymbolExists.c:(.text+0x1b): referencia a `pthread_create' sin definir
collect2: error: ld returned 1 exit status
CMakeFiles/cmTC_f7854.dir/build.make:86: recipe for target 'cmTC_f7854' failed
make[1]: *** [cmTC_f7854] Error 1
make[1]: se sale del directorio '/home/jose/OS/cmake-build-debug/CMakeFiles/CMakeTmp'
Makefile:121: recipe for target 'cmTC_f7854/fast' failed
make: *** [cmTC_f7854/fast] Error 2

File /home/jose/OS/cmake-build-debug/CMakeFiles/CMakeTmp/CheckSymbolExists.c:
/* */
#include <pthread.h>

int main(int argc, char** argv)
{
  (void)argv;
#ifndef pthread_create
  return ((int*)(&pthread_create))[argc];
#else
  (void)argc;
  return 0;
#endif
}

